Product projects
---------------------------------------
C:\Users\wmike\OneDrive\Documentos\Renovación LIS\Domain\Domain.csproj
C:\Users\wmike\OneDrive\Documentos\Renovación LIS\Renovación LIS Client\DomainStatuses\DomainStatuses.csproj
C:\Users\wmike\OneDrive\Documentos\Renovación LIS\Renovación LIS Client\ServicesCallbacks\ServicesCallbacks.csproj
C:\Users\wmike\OneDrive\Documentos\Renovación LIS\Renovación LIS Client\Renovación LIS Client\Renovación LIS GUIs.csproj
C:\Users\wmike\OneDrive\Documentos\Renovación LIS\Client\Client Runner.csproj
C:\Users\wmike\OneDrive\Documentos\Renovación LIS\ConsoleApp1\ConsoleApp1.csproj
C:\Users\wmike\OneDrive\Documentos\Renovación LIS\lang\lang.csproj
C:\Users\wmike\OneDrive\Documentos\Renovación LIS\enums\enums.csproj


Test projects
---------------------------------------


Invalid projects
---------------------------------------
{none}


Skipped projects
---------------------------------------
{none}


Excluded projects
---------------------------------------
{none}


